#
# A fatal error has been detected by the Java Runtime Environment:
#
#  SIGSEGV (0xb) at pc=0x00007f327525d20c, pid=19232, tid=139854819518208
#
# JRE version: 7.0-b147
# Java VM: Java HotSpot(TM) 64-Bit Server VM (21.0-b17 mixed mode linux-amd64 compressed oops)
# Problematic frame:
# J  org.apache.lucene.analysis.en.PorterStemmer.stem(I)Z
#
# Failed to write core dump. Core dumps have been disabled. To enable core dumping, try "ulimit -c unlimited" before starting Java again
#
# If you would like to submit a bug report, please visit:
#   http://bugreport.sun.com/bugreport/crash.jsp
#

---------------  T H R E A D  ---------------

Current thread (0x00007f3278641000):  JavaThread "qtp1978757802-14 - /solr/default/update?wt=ruby" [_thread_in_Java, id=19289, stack(0x00007f327cc66000,0x00007f327cd67000)]

siginfo:si_signo=SIGSEGV: si_errno=0, si_code=1 (SEGV_MAPERR), si_addr=0x00000002ed690336

Registers:
RAX=0x0000000000000003, RBX=0x00000000ed690328, RCX=0x0000000000000032, RDX=0x0000000000000100
RSP=0x00007f327cd64000, RBP=0x00007f327cd64098, RSI=0x00007f327cd63fa8, RDI=0x00000000ffffffff
R8 =0x00000000fffffffe, R9 =0x0000000000000074, R10=0x00000000fffffffe, R11=0x0000000000000061
R12=0x0000000000000000, R13=0x00007f327525d1d4, R14=0x0000000000000000, R15=0x00007f3278641000
RIP=0x00007f327525d20c, EFLAGS=0x0000000000010286, CSGSFS=0x0000000000000033, ERR=0x0000000000000004
  TRAPNO=0x000000000000000e

Top of Stack: (sp=0x00007f327cd64000)
0x00007f327cd64000:   00000000ed690300 0000000000000061
0x00007f327cd64010:   00007f3200000003 00007f3275005f98
0x00007f327cd64020:   ed1f36a8ed200030 00007f3275005f98
0x00007f327cd64030:   00007f327cd64098 00007f3275006290
0x00007f327cd64040:   00007f3275006290 0000000000000000
0x00007f327cd64050:   00000000ed690300 00007f327cd64058
0x00007f327cd64060:   00000000a2039822 00007f327cd640c0
0x00007f327cd64070:   00000000a2039f10 00000000a2164718
0x00007f327cd64080:   00000000a2039868 00007f327cd64048
0x00007f327cd64090:   00007f327cd640d0 00000000ed690300
0x00007f327cd640a0:   00007f32751b4698 00007f3200000004
0x00007f327cd640b0:   0000000000000000 00000000ed685460
0x00007f327cd640c0:   00000000ed690300 00007f32751b4698
0x00007f327cd640d0:   00000000e4e94d58 00000000e4e94d40
0x00007f327cd640e0:   0000000100000001 ed690278a196d950
0x00007f327cd640f0:   00000000ed690278 00000000ed685460
0x00007f327cd64100:   0000000200000004 e4ae437800000000
0x00007f327cd64110:   00000000e4ae82f8 00000000e4aea7e0
0x00007f327cd64120:   00000000e4aea3d8 00000000e4aea5a0
0x00007f327cd64130:   a20293f8a20274e8 00000000e4ae8788
0x00007f327cd64140:   00000000ed690278 0000000000000001
0x00007f327cd64150:   00007f32752087a8 000000000000001e
0x00007f327cd64160:   0000000000000005 00007f327520882c
0x00007f327cd64170:   00000000e22815a0 000000000000001e
0x00007f327cd64180:   00000005ed284cd0 00000000e2280878
0x00007f327cd64190:   0000000900000005 00000000e4ae8768
0x00007f327cd641a0:   00000000e2281490 00000000a1a769f8
0x00007f327cd641b0:   0000000000000001 00007f327cd641b8
0x00007f327cd641c0:   00000000a1a77250 00007f327cd64208
0x00007f327cd641d0:   00007f327cd64238 00007f3275005f98
0x00007f327cd641e0:   00007f3275005f98 00000000e2280878
0x00007f327cd641f0:   00000000e22815a0 00007f327cd641f8 

Instructions: (pc=0x00007f327525d20c)
0x00007f327525d1ec:   0f b7 5c 43 0e 44 89 5c 24 08 44 0f b7 4c 43 10
0x00007f327525d1fc:   45 8b 72 18 44 8b d0 41 83 c2 fb 8b f8 83 c7 fc
0x00007f327525d20c:   44 0f b7 44 7b 10 48 63 f0 44 0f b7 5c 73 10 44
0x00007f327525d21c:   89 5c 24 0c 8b e8 83 c5 fe 44 0f b7 6c 6b 10 83 

Register to memory mapping:

RAX=0x0000000000000003 is an unknown value
RBX=0x00000000ed690328 is an oop
[C 
 - klass: {type array char}
 - length: 50
RCX=0x0000000000000032 is an unknown value
RDX=0x0000000000000100 is an unknown value
RSP=0x00007f327cd64000 is pointing into the stack for thread: 0x00007f3278641000
RBP=0x00007f327cd64098 is pointing into the stack for thread: 0x00007f3278641000
RSI=0x00007f327cd63fa8 is pointing into the stack for thread: 0x00007f3278641000
RDI=0x00000000ffffffff is an unallocated location in the heap
R8 =0x00000000fffffffe is an unallocated location in the heap
R9 =0x0000000000000074 is an unknown value
R10=0x00000000fffffffe is an unallocated location in the heap
R11=0x0000000000000061 is an unknown value
R12=0x0000000000000000 is an unknown value
R13=0x00007f327525ccd0 [CodeBlob (0x00007f327525ccd0)]
Framesize: 8
R14=0x0000000000000000 is an unknown value
R15=0x00007f3278641000 is a thread


Stack: [0x00007f327cc66000,0x00007f327cd67000],  sp=0x00007f327cd64000,  free space=1016k
Native frames: (J=compiled Java code, j=interpreted, Vv=VM code, C=native code)
J  org.apache.lucene.analysis.en.PorterStemmer.stem(I)Z


---------------  P R O C E S S  ---------------

Java Threads: ( => current thread )
  0x00007f3230105800 JavaThread "commitScheduler-11-thread-1" [_thread_in_native, id=19602, stack(0x00007f3274eff000,0x00007f3275000000)]
  0x00007f3278006000 JavaThread "DestroyJavaVM" [_thread_blocked, id=19272, stack(0x00007f3281448000,0x00007f3281549000)]
  0x00007f3278760800 JavaThread "Thread-13" [_thread_blocked, id=19303, stack(0x00007f32746f1000,0x00007f32747f2000)]
  0x00007f320c083000 JavaThread "searcherExecutor-5-thread-1" [_thread_blocked, id=19302, stack(0x00007f32747f2000,0x00007f32748f3000)]
  0x00007f3208093000 JavaThread "searcherExecutor-4-thread-1" [_thread_blocked, id=19301, stack(0x00007f32748f3000,0x00007f32749f4000)]
  0x00007f3214053000 JavaThread "searcherExecutor-6-thread-1" [_thread_blocked, id=19300, stack(0x00007f32749f4000,0x00007f3274af5000)]
  0x00007f3278492000 JavaThread "HashSessionScavenger-0" daemon [_thread_blocked, id=19295, stack(0x00007f327c4ea000,0x00007f327c5eb000)]
  0x00007f327864a800 JavaThread "qtp1978757802-19" [_thread_blocked, id=19294, stack(0x00007f327c761000,0x00007f327c862000)]
  0x00007f3278648800 JavaThread "qtp1978757802-18" [_thread_blocked, id=19293, stack(0x00007f327c862000,0x00007f327c963000)]
  0x00007f3278646800 JavaThread "qtp1978757802-17" [_thread_blocked, id=19292, stack(0x00007f327c963000,0x00007f327ca64000)]
  0x00007f3278644800 JavaThread "qtp1978757802-16 Acceptor0 SocketConnector@0.0.0.0:8989" [_thread_in_native, id=19291, stack(0x00007f327ca64000,0x00007f327cb65000)]
  0x00007f3278642800 JavaThread "qtp1978757802-15" [_thread_blocked, id=19290, stack(0x00007f327cb65000,0x00007f327cc66000)]
=>0x00007f3278641000 JavaThread "qtp1978757802-14 - /solr/default/update?wt=ruby" [_thread_in_Java, id=19289, stack(0x00007f327cc66000,0x00007f327cd67000)]
  0x00007f327863f800 JavaThread "qtp1978757802-13" [_thread_blocked, id=19288, stack(0x00007f327cd67000,0x00007f327ce68000)]
  0x00007f327863d800 JavaThread "qtp1978757802-12" [_thread_blocked, id=19287, stack(0x00007f327ce68000,0x00007f327cf69000)]
  0x00007f327863c800 JavaThread "qtp1978757802-11" [_thread_blocked, id=19286, stack(0x00007f327cf69000,0x00007f327d06a000)]
  0x00007f3278630800 JavaThread "qtp1978757802-10" [_thread_blocked, id=19285, stack(0x00007f327d06a000,0x00007f327d16b000)]
  0x00007f327810c000 JavaThread "Service Thread" daemon [_thread_blocked, id=19283, stack(0x00007f327d6a0000,0x00007f327d7a1000)]
  0x00007f3278109800 JavaThread "C2 CompilerThread1" daemon [_thread_blocked, id=19282, stack(0x00007f327d7a1000,0x00007f327d8a2000)]
  0x00007f3278107000 JavaThread "C2 CompilerThread0" daemon [_thread_blocked, id=19281, stack(0x00007f327d8a2000,0x00007f327d9a3000)]
  0x00007f3278104800 JavaThread "Signal Dispatcher" daemon [_thread_blocked, id=19280, stack(0x00007f327d9a3000,0x00007f327daa4000)]
  0x00007f32780bb000 JavaThread "Finalizer" daemon [_thread_blocked, id=19279, stack(0x00007f327dc2d000,0x00007f327dd2e000)]
  0x00007f32780b8800 JavaThread "Reference Handler" daemon [_thread_blocked, id=19278, stack(0x00007f327dd2e000,0x00007f327de2f000)]

Other Threads:
  0x00007f32780b1000 VMThread [stack: 0x00007f327de2f000,0x00007f327df30000] [id=19277]
  0x00007f3278117000 WatcherThread [stack: 0x00007f327d59f000,0x00007f327d6a0000] [id=19284]

VM state:not at safepoint (normal execution)

VM Mutex/Monitor currently owned by a thread: None

Heap
 PSYoungGen      total 191936K, used 67070K [0x00000000e1eb0000, 0x00000000f96b0000, 0x0000000100000000)
  eden space 181888K, 32% used [0x00000000e1eb0000,0x00000000e57aa3d0,0x00000000ed050000)
  from space 10048K, 86% used [0x00000000ed050000,0x00000000ed8d5678,0x00000000eda20000)
  to   space 10624K, 0% used [0x00000000f8c50000,0x00000000f8c50000,0x00000000f96b0000)
 PSOldGen        total 61568K, used 15371K [0x00000000a5c00000, 0x00000000a9820000, 0x00000000e1eb0000)
  object space 61568K, 24% used [0x00000000a5c00000,0x00000000a6b02d30,0x00000000a9820000)
 PSPermGen       total 24512K, used 24358K [0x00000000a0a00000, 0x00000000a21f0000, 0x00000000a5c00000)
  object space 24512K, 99% used [0x00000000a0a00000,0x00000000a21c98f0,0x00000000a21f0000)

Code Cache  [0x00007f3275000000, 0x00007f3275270000, 0x00007f3278000000)
 total_blobs=1137 nmethods=766 adapters=322 free_code_cache=46743Kb largest_free_block=47788928

Dynamic libraries:
00400000-00401000 r-xp 00000000 08:01 1051324                            /opt/java/bin/java
00600000-00601000 rw-p 00000000 08:01 1051324                            /opt/java/bin/java
0159f000-015c0000 rw-p 00000000 00:00 0                                  [heap]
a0a00000-a21f0000 rw-p 00000000 00:00 0 
a21f0000-a5c00000 rw-p 00000000 00:00 0 
a5c00000-a9820000 rw-p 00000000 00:00 0 
a9820000-e1eb0000 rw-p 00000000 00:00 0 
e1eb0000-f96b0000 rw-p 00000000 00:00 0 
f96b0000-100000000 rw-p 00000000 00:00 0 
7f31f8000000-7f31f8021000 rw-p 00000000 00:00 0 
7f31f8021000-7f31fc000000 ---p 00000000 00:00 0 
7f31fc000000-7f31fc021000 rw-p 00000000 00:00 0 
7f31fc021000-7f3200000000 ---p 00000000 00:00 0 
7f3200000000-7f3200021000 rw-p 00000000 00:00 0 
7f3200021000-7f3204000000 ---p 00000000 00:00 0 
7f3204000000-7f3204021000 rw-p 00000000 00:00 0 
7f3204021000-7f3208000000 ---p 00000000 00:00 0 
7f3208000000-7f32080d8000 rw-p 00000000 00:00 0 
7f32080d8000-7f320c000000 ---p 00000000 00:00 0 
7f320c000000-7f320c092000 rw-p 00000000 00:00 0 
7f320c092000-7f3210000000 ---p 00000000 00:00 0 
7f3210000000-7f3210021000 rw-p 00000000 00:00 0 
7f3210021000-7f3214000000 ---p 00000000 00:00 0 
7f3214000000-7f3214079000 rw-p 00000000 00:00 0 
7f3214079000-7f3218000000 ---p 00000000 00:00 0 
7f3218000000-7f3218058000 rw-p 00000000 00:00 0 
7f3218058000-7f321c000000 ---p 00000000 00:00 0 
7f321c000000-7f321c021000 rw-p 00000000 00:00 0 
7f321c021000-7f3220000000 ---p 00000000 00:00 0 
7f3220000000-7f3220033000 rw-p 00000000 00:00 0 
7f3220033000-7f3224000000 ---p 00000000 00:00 0 
7f3224000000-7f3224027000 rw-p 00000000 00:00 0 
7f3224027000-7f3228000000 ---p 00000000 00:00 0 
7f3228000000-7f322802a000 rw-p 00000000 00:00 0 
7f322802a000-7f322c000000 ---p 00000000 00:00 0 
7f322c000000-7f322c040000 rw-p 00000000 00:00 0 
7f322c040000-7f3230000000 ---p 00000000 00:00 0 
7f3230000000-7f323011f000 rw-p 00000000 00:00 0 
7f323011f000-7f3234000000 ---p 00000000 00:00 0 
7f3234000000-7f3234024000 rw-p 00000000 00:00 0 
7f3234024000-7f3238000000 ---p 00000000 00:00 0 
7f3238000000-7f3238047000 rw-p 00000000 00:00 0 
7f3238047000-7f323c000000 ---p 00000000 00:00 0 
7f323c000000-7f323c021000 rw-p 00000000 00:00 0 
7f323c021000-7f3240000000 ---p 00000000 00:00 0 
7f3240000000-7f3240021000 rw-p 00000000 00:00 0 
7f3240021000-7f3244000000 ---p 00000000 00:00 0 
7f3244000000-7f3244021000 rw-p 00000000 00:00 0 
7f3244021000-7f3248000000 ---p 00000000 00:00 0 
7f3248000000-7f32490e0000 rw-p 00000000 00:00 0 
7f32490e0000-7f324c000000 ---p 00000000 00:00 0 
7f324c000000-7f324cad1000 rw-p 00000000 00:00 0 
7f324cad1000-7f3250000000 ---p 00000000 00:00 0 
7f3250000000-7f3250021000 rw-p 00000000 00:00 0 
7f3250021000-7f3254000000 ---p 00000000 00:00 0 
7f3254000000-7f3254021000 rw-p 00000000 00:00 0 
7f3254021000-7f3258000000 ---p 00000000 00:00 0 
7f3258000000-7f3258021000 rw-p 00000000 00:00 0 
7f3258021000-7f325c000000 ---p 00000000 00:00 0 
7f325c000000-7f325c021000 rw-p 00000000 00:00 0 
7f325c021000-7f3260000000 ---p 00000000 00:00 0 
7f3260000000-7f3260021000 rw-p 00000000 00:00 0 
7f3260021000-7f3264000000 ---p 00000000 00:00 0 
7f3268000000-7f3268021000 rw-p 00000000 00:00 0 
7f3268021000-7f326c000000 ---p 00000000 00:00 0 
7f326c000000-7f326c021000 rw-p 00000000 00:00 0 
7f326c021000-7f3270000000 ---p 00000000 00:00 0 
7f3270000000-7f3270021000 rw-p 00000000 00:00 0 
7f3270021000-7f3274000000 ---p 00000000 00:00 0 
7f32746f1000-7f32746f4000 ---p 00000000 00:00 0 
7f32746f4000-7f32747f2000 rw-p 00000000 00:00 0                          [stack:19303]
7f32747f2000-7f32747f5000 ---p 00000000 00:00 0 
7f32747f5000-7f32748f3000 rw-p 00000000 00:00 0                          [stack:19302]
7f32748f3000-7f32748f6000 ---p 00000000 00:00 0 
7f32748f6000-7f32749f4000 rw-p 00000000 00:00 0                          [stack:19301]
7f32749f4000-7f32749f7000 ---p 00000000 00:00 0 
7f32749f7000-7f3274af5000 rw-p 00000000 00:00 0                          [stack:19300]
7f3274af5000-7f3274afd000 r-xp 00000000 08:01 1049162                    /opt/java/jre/lib/amd64/libmanagement.so
7f3274afd000-7f3274cfc000 ---p 00008000 08:01 1049162                    /opt/java/jre/lib/amd64/libmanagement.so
7f3274cfc000-7f3274cfd000 rw-p 00007000 08:01 1049162                    /opt/java/jre/lib/amd64/libmanagement.so
7f3274cfd000-7f3274d00000 ---p 00000000 00:00 0 
7f3274d00000-7f3274dfe000 rw-p 00000000 00:00 0 
7f3274dfe000-7f3274e01000 ---p 00000000 00:00 0 
7f3274e01000-7f3274eff000 rw-p 00000000 00:00 0 
7f3274eff000-7f3274f02000 ---p 00000000 00:00 0 
7f3274f02000-7f3275000000 rw-p 00000000 00:00 0                          [stack:19602]
7f3275000000-7f3275270000 rwxp 00000000 00:00 0 
7f3275270000-7f32787c1000 rw-p 00000000 00:00 0 
7f32787c1000-7f327c000000 ---p 00000000 00:00 0 
7f327c040000-7f327c042000 r--s 00000000 08:05 15112295                   /media/data/PROJECTNOW/current/newbukalapak/bukalapak/solr/default/data/index/_4.tvd
7f327c042000-7f327c043000 r--s 00000000 08:05 15112301                   /media/data/PROJECTNOW/current/newbukalapak/bukalapak/solr/default/data/index/_4.fdt
7f327c043000-7f327c044000 r--s 00000000 08:05 15112303                   /media/data/PROJECTNOW/current/newbukalapak/bukalapak/solr/default/data/index/_4.nvd
7f327c044000-7f327c04a000 r--s 00000000 08:05 15112293                   /media/data/PROJECTNOW/current/newbukalapak/bukalapak/solr/default/data/index/_4_Lucene41_0.tim
7f327c04a000-7f327c04c000 r--s 00000000 08:05 15112288                   /media/data/PROJECTNOW/current/newbukalapak/bukalapak/solr/default/data/index/_4_Lucene41_0.pos
7f327c04c000-7f327c04e000 r--s 00000000 08:05 15112069                   /media/data/PROJECTNOW/current/newbukalapak/bukalapak/solr/default/data/index/_4_Lucene41_0.doc
7f327c04e000-7f327c050000 r--s 00000000 08:05 15112153                   /media/data/PROJECTNOW/current/newbukalapak/bukalapak/solr/default/data/index/_2.tvd
7f327c050000-7f327c051000 r--s 00000000 08:05 15112265                   /media/data/PROJECTNOW/current/newbukalapak/bukalapak/solr/default/data/index/_2.fdt
7f327c051000-7f327c057000 r--s 00000000 08:05 15112145                   /media/data/PROJECTNOW/current/newbukalapak/bukalapak/solr/default/data/index/_2_Lucene41_0.tim
7f327c057000-7f327c06c000 r-xp 00000000 08:01 2315242                    /usr/lib/libgcc_s.so.1
7f327c06c000-7f327c26c000 ---p 00015000 08:01 2315242                    /usr/lib/libgcc_s.so.1
7f327c26c000-7f327c26d000 rw-p 00015000 08:01 2315242                    /usr/lib/libgcc_s.so.1
7f327c26d000-7f327c26e000 r--s 00000000 08:05 15112278                   /media/data/PROJECTNOW/current/newbukalapak/bukalapak/solr/default/data/index/_2.nvd
7f327c26e000-7f327c270000 r--s 00000000 08:05 15112143                   /media/data/PROJECTNOW/current/newbukalapak/bukalapak/solr/default/data/index/_2_Lucene41_0.pos
7f327c270000-7f327c272000 r--s 00000000 08:05 15112270                   /media/data/PROJECTNOW/current/newbukalapak/bukalapak/solr/default/data/index/_2_Lucene41_0.doc
7f327c272000-7f327c274000 r--s 00000000 08:05 15099860                   /media/data/PROJECTNOW/current/newbukalapak/bukalapak/solr/default/data/index/_0.tvd
7f327c274000-7f327c275000 r--s 00000000 08:05 15106449                   /media/data/PROJECTNOW/current/newbukalapak/bukalapak/solr/default/data/index/_0.fdt
7f327c275000-7f327c276000 r--s 00000000 08:05 15099859                   /media/data/PROJECTNOW/current/newbukalapak/bukalapak/solr/default/data/index/_0.nvd
7f327c276000-7f327c27c000 r--s 00000000 08:05 15100957                   /media/data/PROJECTNOW/current/newbukalapak/bukalapak/solr/default/data/index/_0_Lucene41_0.tim
7f327c27c000-7f327c27e000 r--s 00000000 08:05 15099854                   /media/data/PROJECTNOW/current/newbukalapak/bukalapak/solr/default/data/index/_0_Lucene41_0.pos
7f327c27e000-7f327c280000 r--s 00000000 08:05 15086866                   /media/data/PROJECTNOW/current/newbukalapak/bukalapak/solr/default/data/index/_0_Lucene41_0.doc
7f327c280000-7f327c281000 r--p 00000000 00:00 0 
7f327c281000-7f327c284000 ---p 00000000 00:00 0 
7f327c284000-7f327c29b000 rw-p 00000000 00:00 0 
7f327c29b000-7f327c29f000 r--s 0002d000 08:01 1049257                    /opt/java/jre/lib/ext/sunjce_provider.jar
7f327c29f000-7f327c2d1000 r-xp 00000000 08:01 1049185                    /opt/java/jre/lib/amd64/libsunec.so
7f327c2d1000-7f327c4d0000 ---p 00032000 08:01 1049185                    /opt/java/jre/lib/amd64/libsunec.so
7f327c4d0000-7f327c4d6000 rw-p 00031000 08:01 1049185                    /opt/java/jre/lib/amd64/libsunec.so
7f327c4d6000-7f327c4e6000 rw-p 00000000 00:00 0 
7f327c4e6000-7f327c4e7000 r--s 00003000 08:01 1049254                    /opt/java/jre/lib/ext/sunec.jar
7f327c4e7000-7f327c4ea000 r--s 00018000 08:01 1048606                    /opt/java/jre/lib/jce.jar
7f327c4ea000-7f327c4ed000 ---p 00000000 00:00 0 
7f327c4ed000-7f327c5eb000 rw-p 00000000 00:00 0                          [stack:19295]
7f327c5eb000-7f327c5f4000 r--s 00055000 08:01 5753482                    /home/xinuc/trashcan/blsunspot/sunspot/sunspot_solr/solr/solr-webapp/webapp/WEB-INF/lib/lucene-queryparser-4.4.0.jar
7f327c5f4000-7f327c5f6000 r--s 0000b000 08:01 5753419                    /home/xinuc/trashcan/blsunspot/sunspot/sunspot_solr/solr/solr-webapp/webapp/WEB-INF/lib/concurrentlinkedhashmap-lru-1.2.jar
7f327c5f6000-7f327c5f7000 r--s 00005000 08:01 5753474                    /home/xinuc/trashcan/blsunspot/sunspot/sunspot_solr/solr/solr-webapp/webapp/WEB-INF/lib/lucene-analyzers-phonetic-4.4.0.jar
7f327c5f7000-7f327c5f8000 r--s 00008000 08:01 5753479                    /home/xinuc/trashcan/blsunspot/sunspot/sunspot_solr/solr/solr-webapp/webapp/WEB-INF/lib/lucene-memory-4.4.0.jar
7f327c5f8000-7f327c5fb000 r--s 00014000 08:01 5753480                    /home/xinuc/trashcan/blsunspot/sunspot/sunspot_solr/solr/solr-webapp/webapp/WEB-INF/lib/lucene-misc-4.4.0.jar
7f327c5fb000-7f327c5fc000 r--s 00004000 08:01 5753427                    /home/xinuc/trashcan/blsunspot/sunspot/sunspot_solr/solr/solr-webapp/webapp/WEB-INF/lib/org.restlet.ext.servlet-2.1.1.jar
7f327c5fc000-7f327c5fd000 r--s 00005000 08:01 5753448                    /home/xinuc/trashcan/blsunspot/sunspot/sunspot_solr/solr/solr-webapp/webapp/WEB-INF/lib/noggit-0.5.jar
7f327c5fd000-7f327c600000 r--s 00018000 08:01 5753477                    /home/xinuc/trashcan/blsunspot/sunspot/sunspot_solr/solr/solr-webapp/webapp/WEB-INF/lib/lucene-grouping-4.4.0.jar
7f327c600000-7f327c606000 r--s 00043000 08:01 5753416                    /home/xinuc/trashcan/blsunspot/sunspot/sunspot_solr/solr/solr-webapp/webapp/WEB-INF/lib/commons-configuration-1.6.jar
7f327c606000-7f327c60f000 r--s 00061000 08:01 5753431                    /home/xinuc/trashcan/blsunspot/sunspot/sunspot_solr/solr/solr-webapp/webapp/WEB-INF/lib/httpclient-4.2.3.jar
7f327c60f000-7f327c614000 r--s 00041000 08:01 5753418                    /home/xinuc/trashcan/blsunspot/sunspot/sunspot_solr/solr/solr-webapp/webapp/WEB-INF/lib/commons-lang-2.6.jar
7f327c614000-7f327c61b000 r--s 00079000 08:01 5753449                    /home/xinuc/trashcan/blsunspot/sunspot/sunspot_solr/solr/solr-webapp/webapp/WEB-INF/lib/wstx-asl-3.2.7.jar
7f327c61b000-7f327c61e000 r--s 00446000 08:01 5753473                    /home/xinuc/trashcan/blsunspot/sunspot/sunspot_solr/solr/solr-webapp/webapp/WEB-INF/lib/lucene-analyzers-kuromoji-4.4.0.jar
7f327c61e000-7f327c620000 r--s 0000f000 08:01 5753429                    /home/xinuc/trashcan/blsunspot/sunspot/sunspot_solr/solr/solr-webapp/webapp/WEB-INF/lib/spatial4j-0.3.jar
7f327c620000-7f327c645000 r--s 001f8000 08:01 5753476                    /home/xinuc/trashcan/blsunspot/sunspot/sunspot_solr/solr/solr-webapp/webapp/WEB-INF/lib/lucene-core-4.4.0.jar
7f327c645000-7f327c64c000 r--s 00055000 08:01 5753486                    /home/xinuc/trashcan/blsunspot/sunspot/sunspot_solr/solr/solr-webapp/webapp/WEB-INF/lib/solr-solrj-4.4.0.jar
7f327c64c000-7f327c65c000 r--s 00173000 08:01 5753472                    /home/xinuc/trashcan/blsunspot/sunspot/sunspot_solr/solr/solr-webapp/webapp/WEB-INF/lib/lucene-analyzers-common-4.4.0.jar
7f327c65c000-7f327c662000 r--s 00031000 08:01 5753446                    /home/xinuc/trashcan/blsunspot/sunspot/sunspot_solr/solr/solr-webapp/webapp/WEB-INF/lib/httpcore-4.2.2.jar
7f327c662000-7f327c68b000 r--s 001ee000 08:01 5753420                    /home/xinuc/trashcan/blsunspot/sunspot/sunspot_solr/solr/solr-webapp/webapp/WEB-INF/lib/guava-14.0.1.jar
7f327c68b000-7f327c6ab000 r--s 0021f000 08:01 5753485                    /home/xinuc/trashcan/blsunspot/sunspot/sunspot_solr/solr/solr-webapp/webapp/WEB-INF/lib/solr-core-4.4.0.jar
7f327c6ab000-7f327c6ae000 r--s 00025000 08:01 5753430                    /home/xinuc/trashcan/blsunspot/sunspot/sunspot_solr/solr/solr-webapp/webapp/WEB-INF/lib/commons-io-2.1.jar
7f327c6ae000-7f327c6b5000 r--s 00039000 08:01 5753415                    /home/xinuc/trashcan/blsunspot/sunspot/sunspot_solr/solr/solr-webapp/webapp/WEB-INF/lib/commons-codec-1.7.jar
7f327c6b5000-7f327c6b8000 r--s 00023000 08:01 5753484                    /home/xinuc/trashcan/blsunspot/sunspot/sunspot_solr/solr/solr-webapp/webapp/WEB-INF/lib/lucene-suggest-4.4.0.jar
7f327c6b8000-7f327c6ba000 r--s 00009000 08:01 5753414                    /home/xinuc/trashcan/blsunspot/sunspot/sunspot_solr/solr/solr-webapp/webapp/WEB-INF/lib/commons-cli-1.2.jar
7f327c6ba000-7f327c6c0000 r--s 00044000 08:01 5753475                    /home/xinuc/trashcan/blsunspot/sunspot/sunspot_solr/solr/solr-webapp/webapp/WEB-INF/lib/lucene-codecs-4.4.0.jar
7f327c6c0000-7f327c6c2000 r--s 0000a000 08:01 5753422                    /home/xinuc/trashcan/blsunspot/sunspot/sunspot_solr/solr/solr-webapp/webapp/WEB-INF/lib/hadoop-auth-2.0.5-alpha.jar
7f327c6c2000-7f327c6cc000 r--s 000a8000 08:01 5753426                    /home/xinuc/trashcan/blsunspot/sunspot/sunspot_solr/solr/solr-webapp/webapp/WEB-INF/lib/org.restlet-2.1.1.jar
7f327c6cc000-7f327c6ce000 r--s 00015000 08:01 5753483                    /home/xinuc/trashcan/blsunspot/sunspot/sunspot_solr/solr/solr-webapp/webapp/WEB-INF/lib/lucene-spatial-4.4.0.jar
7f327c6ce000-7f327c6d2000 r--s 0001b000 08:01 5753478                    /home/xinuc/trashcan/blsunspot/sunspot/sunspot_solr/solr/solr-webapp/webapp/WEB-INF/lib/lucene-highlighter-4.4.0.jar
7f327c6d2000-7f327c6de000 r--s 000b3000 08:01 5753471                    /home/xinuc/trashcan/blsunspot/sunspot/sunspot_solr/solr/solr-webapp/webapp/WEB-INF/lib/zookeeper-3.4.5.jar
7f327c6de000-7f327c6ee000 r--s 0007d000 08:01 5753425                    /home/xinuc/trashcan/blsunspot/sunspot/sunspot_solr/solr/solr-webapp/webapp/WEB-INF/lib/joda-time-2.2.jar
7f327c6ee000-7f327c712000 r--s 0021a000 08:01 5753423                    /home/xinuc/trashcan/blsunspot/sunspot/sunspot_solr/solr/solr-webapp/webapp/WEB-INF/lib/hadoop-common-2.0.5-alpha.jar
7f327c712000-7f327c718000 r--s 0002c000 08:01 5753481                    /home/xinuc/trashcan/blsunspot/sunspot/sunspot_solr/solr/solr-webapp/webapp/WEB-INF/lib/lucene-queries-4.4.0.jar
7f327c718000-7f327c71a000 r--s 00003000 08:01 5753421                    /home/xinuc/trashcan/blsunspot/sunspot/sunspot_solr/solr/solr-webapp/webapp/WEB-INF/lib/hadoop-annotations-2.0.5-alpha.jar
7f327c71a000-7f327c720000 r--s 00068000 08:01 5753428                    /home/xinuc/trashcan/blsunspot/sunspot/sunspot_solr/solr/solr-webapp/webapp/WEB-INF/lib/protobuf-java-2.4.0a.jar
7f327c720000-7f327c758000 r--s 003ed000 08:01 5753424                    /home/xinuc/trashcan/blsunspot/sunspot/sunspot_solr/solr/solr-webapp/webapp/WEB-INF/lib/hadoop-hdfs-2.0.5-alpha.jar
7f327c758000-7f327c75b000 r--s 0000c000 08:01 5753417                    /home/xinuc/trashcan/blsunspot/sunspot/sunspot_solr/solr/solr-webapp/webapp/WEB-INF/lib/commons-fileupload-1.2.1.jar
7f327c75b000-7f327c761000 r--s 017ea000 08:01 5748938                    /home/xinuc/trashcan/blsunspot/sunspot/sunspot_solr/solr/webapps/solr.war
7f327c761000-7f327c764000 ---p 00000000 00:00 0 
7f327c764000-7f327c862000 rw-p 00000000 00:00 0                          [stack:19294]
7f327c862000-7f327c865000 ---p 00000000 00:00 0 
7f327c865000-7f327c963000 rw-p 00000000 00:00 0                          [stack:19293]
7f327c963000-7f327c966000 ---p 00000000 00:00 0 
7f327c966000-7f327ca64000 rw-p 00000000 00:00 0                          [stack:19292]
7f327ca64000-7f327ca67000 ---p 00000000 00:00 0 
7f327ca67000-7f327cb65000 rw-p 00000000 00:00 0                          [stack:19291]
7f327cb65000-7f327cb68000 ---p 00000000 00:00 0 
7f327cb68000-7f327cc66000 rw-p 00000000 00:00 0                          [stack:19290]
7f327cc66000-7f327cc69000 ---p 00000000 00:00 0 
7f327cc69000-7f327cd67000 rw-p 00000000 00:00 0                          [stack:19289]
7f327cd67000-7f327cd6a000 ---p 00000000 00:00 0 
7f327cd6a000-7f327ce68000 rw-p 00000000 00:00 0                          [stack:19288]
7f327ce68000-7f327ce6b000 ---p 00000000 00:00 0 
7f327ce6b000-7f327cf69000 rw-p 00000000 00:00 0                          [stack:19287]
7f327cf69000-7f327cf6c000 ---p 00000000 00:00 0 
7f327cf6c000-7f327d06a000 rw-p 00000000 00:00 0                          [stack:19286]
7f327d06a000-7f327d06d000 ---p 00000000 00:00 0 
7f327d06d000-7f327d16b000 rw-p 00000000 00:00 0                          [stack:19285]
7f327d16b000-7f327d16e000 r--s 00017000 08:01 5748819                    /home/xinuc/trashcan/blsunspot/sunspot/sunspot_solr/solr/lib/jetty-io-8.1.10.v20130312.jar
7f327d16e000-7f327d16f000 r--s 00002000 08:01 5748815                    /home/xinuc/trashcan/blsunspot/sunspot/sunspot_solr/solr/lib/ext/slf4j-log4j12-1.6.6.jar
7f327d16f000-7f327d178000 r--s 0006d000 08:01 5748813                    /home/xinuc/trashcan/blsunspot/sunspot/sunspot_solr/solr/lib/ext/log4j-1.2.16.jar
7f327d178000-7f327d18d000 r-xp 00000000 08:01 1049181                    /opt/java/jre/lib/amd64/libnet.so
7f327d18d000-7f327d38d000 ---p 00015000 08:01 1049181                    /opt/java/jre/lib/amd64/libnet.so
7f327d38d000-7f327d38e000 rw-p 00015000 08:01 1049181                    /opt/java/jre/lib/amd64/libnet.so
7f327d38e000-7f327d39e000 r-xp 00000000 08:01 1049163                    /opt/java/jre/lib/amd64/libnio.so
7f327d39e000-7f327d59e000 ---p 00010000 08:01 1049163                    /opt/java/jre/lib/amd64/libnio.so
7f327d59e000-7f327d59f000 rw-p 00010000 08:01 1049163                    /opt/java/jre/lib/amd64/libnio.so
7f327d59f000-7f327d5a0000 ---p 00000000 00:00 0 
7f327d5a0000-7f327d6a0000 rw-p 00000000 00:00 0                          [stack:19284]
7f327d6a0000-7f327d6a3000 ---p 00000000 00:00 0 
7f327d6a3000-7f327d7a1000 rw-p 00000000 00:00 0                          [stack:19283]
7f327d7a1000-7f327d7a4000 ---p 00000000 00:00 0 
7f327d7a4000-7f327d8a2000 rw-p 00000000 00:00 0                          [stack:19282]
7f327d8a2000-7f327d8a5000 ---p 00000000 00:00 0 
7f327d8a5000-7f327d9a3000 rw-p 00000000 00:00 0                          [stack:19281]
7f327d9a3000-7f327d9a6000 ---p 00000000 00:00 0 
7f327d9a6000-7f327daa4000 rw-p 00000000 00:00 0                          [stack:19280]
7f327daa4000-7f327dc2d000 r--p 00000000 08:01 2316216                    /usr/lib/locale/locale-archive
7f327dc2d000-7f327dc30000 ---p 00000000 00:00 0 
7f327dc30000-7f327dd2e000 rw-p 00000000 00:00 0                          [stack:19279]
7f327dd2e000-7f327dd31000 ---p 00000000 00:00 0 
7f327dd31000-7f327de2f000 rw-p 00000000 00:00 0                          [stack:19278]
7f327de2f000-7f327de30000 ---p 00000000 00:00 0 
7f327de30000-7f327e4a5000 rw-p 00000000 00:00 0                          [stack:19277]
7f327e4a5000-7f327e664000 r--s 039fa000 08:01 1048616                    /opt/java/jre/lib/rt.jar
7f327e664000-7f327e665000 ---p 00000000 00:00 0 
7f327e665000-7f327e765000 rw-p 00000000 00:00 0                          [stack:19276]
7f327e765000-7f327e766000 ---p 00000000 00:00 0 
7f327e766000-7f327e866000 rw-p 00000000 00:00 0                          [stack:19275]
7f327e866000-7f327e867000 ---p 00000000 00:00 0 
7f327e867000-7f327e967000 rw-p 00000000 00:00 0                          [stack:19274]
7f327e967000-7f327e968000 ---p 00000000 00:00 0 
7f327e968000-7f327ea74000 rw-p 00000000 00:00 0                          [stack:19273]
7f327ea74000-7f327ea91000 rw-p 00000000 00:00 0 
7f327ea91000-7f327eab0000 rw-p 00000000 00:00 0 
7f327eab0000-7f327ec73000 rw-p 00000000 00:00 0 
7f327ec73000-7f327ec7f000 rw-p 00000000 00:00 0 
7f327ec7f000-7f327ec9c000 rw-p 00000000 00:00 0 
7f327ec9c000-7f327ecbb000 rw-p 00000000 00:00 0 
7f327ecbb000-7f327ee7d000 rw-p 00000000 00:00 0 
7f327ee7d000-7f327ef3a000 rw-p 00000000 00:00 0 
7f327ef3a000-7f327ef6e000 rw-p 00000000 00:00 0 
7f327ef6e000-7f327ef6f000 rw-p 00000000 00:00 0 
7f327ef6f000-7f327ef89000 r-xp 00000000 08:01 1049151                    /opt/java/jre/lib/amd64/libzip.so
7f327ef89000-7f327f189000 ---p 0001a000 08:01 1049151                    /opt/java/jre/lib/amd64/libzip.so
7f327f189000-7f327f18a000 rw-p 0001a000 08:01 1049151                    /opt/java/jre/lib/amd64/libzip.so
7f327f18a000-7f327f195000 r-xp 00000000 08:01 2266164                    /usr/lib/libnss_files-2.17.so
7f327f195000-7f327f395000 ---p 0000b000 08:01 2266164                    /usr/lib/libnss_files-2.17.so
7f327f395000-7f327f396000 r--p 0000b000 08:01 2266164                    /usr/lib/libnss_files-2.17.so
7f327f396000-7f327f397000 rw-p 0000c000 08:01 2266164                    /usr/lib/libnss_files-2.17.so
7f327f397000-7f327f3c0000 r-xp 00000000 08:01 1049159                    /opt/java/jre/lib/amd64/libjava.so
7f327f3c0000-7f327f5c0000 ---p 00029000 08:01 1049159                    /opt/java/jre/lib/amd64/libjava.so
7f327f5c0000-7f327f5c2000 rw-p 00029000 08:01 1049159                    /opt/java/jre/lib/amd64/libjava.so
7f327f5c2000-7f327f5d1000 r-xp 00000000 08:01 1049170                    /opt/java/jre/lib/amd64/libverify.so
7f327f5d1000-7f327f7d0000 ---p 0000f000 08:01 1049170                    /opt/java/jre/lib/amd64/libverify.so
7f327f7d0000-7f327f7d2000 rw-p 0000e000 08:01 1049170                    /opt/java/jre/lib/amd64/libverify.so
7f327f7d2000-7f327f7d9000 r-xp 00000000 08:01 2266111                    /usr/lib/librt-2.17.so
7f327f7d9000-7f327f9d8000 ---p 00007000 08:01 2266111                    /usr/lib/librt-2.17.so
7f327f9d8000-7f327f9d9000 r--p 00006000 08:01 2266111                    /usr/lib/librt-2.17.so
7f327f9d9000-7f327f9da000 rw-p 00007000 08:01 2266111                    /usr/lib/librt-2.17.so
7f327f9da000-7f327fad7000 r-xp 00000000 08:01 2266136                    /usr/lib/libm-2.17.so
7f327fad7000-7f327fcd6000 ---p 000fd000 08:01 2266136                    /usr/lib/libm-2.17.so
7f327fcd6000-7f327fcd7000 r--p 000fc000 08:01 2266136                    /usr/lib/libm-2.17.so
7f327fcd7000-7f327fcd8000 rw-p 000fd000 08:01 2266136                    /usr/lib/libm-2.17.so
7f327fcd8000-7f32806a8000 r-xp 00000000 08:01 1049197                    /opt/java/jre/lib/amd64/server/libjvm.so
7f32806a8000-7f32808a8000 ---p 009d0000 08:01 1049197                    /opt/java/jre/lib/amd64/server/libjvm.so
7f32808a8000-7f3280943000 rw-p 009d0000 08:01 1049197                    /opt/java/jre/lib/amd64/server/libjvm.so
7f3280943000-7f328097c000 rw-p 00000000 00:00 0 
7f328097c000-7f3280b1f000 r-xp 00000000 08:01 2248857                    /usr/lib/libc-2.17.so
7f3280b1f000-7f3280d1f000 ---p 001a3000 08:01 2248857                    /usr/lib/libc-2.17.so
7f3280d1f000-7f3280d23000 r--p 001a3000 08:01 2248857                    /usr/lib/libc-2.17.so
7f3280d23000-7f3280d25000 rw-p 001a7000 08:01 2248857                    /usr/lib/libc-2.17.so
7f3280d25000-7f3280d29000 rw-p 00000000 00:00 0 
7f3280d29000-7f3280d2c000 r-xp 00000000 08:01 2265377                    /usr/lib/libdl-2.17.so
7f3280d2c000-7f3280f2b000 ---p 00003000 08:01 2265377                    /usr/lib/libdl-2.17.so
7f3280f2b000-7f3280f2c000 r--p 00002000 08:01 2265377                    /usr/lib/libdl-2.17.so
7f3280f2c000-7f3280f2d000 rw-p 00003000 08:01 2265377                    /usr/lib/libdl-2.17.so
7f3280f2d000-7f3280f43000 r-xp 00000000 08:01 1049195                    /opt/java/jre/lib/amd64/jli/libjli.so
7f3280f43000-7f3281142000 ---p 00016000 08:01 1049195                    /opt/java/jre/lib/amd64/jli/libjli.so
7f3281142000-7f3281143000 rw-p 00015000 08:01 1049195                    /opt/java/jre/lib/amd64/jli/libjli.so
7f3281143000-7f328115a000 r-xp 00000000 08:01 2254967                    /usr/lib/libpthread-2.17.so
7f328115a000-7f3281359000 ---p 00017000 08:01 2254967                    /usr/lib/libpthread-2.17.so
7f3281359000-7f328135a000 r--p 00016000 08:01 2254967                    /usr/lib/libpthread-2.17.so
7f328135a000-7f328135b000 rw-p 00017000 08:01 2254967                    /usr/lib/libpthread-2.17.so
7f328135b000-7f328135f000 rw-p 00000000 00:00 0 
7f328135f000-7f3281380000 r-xp 00000000 08:01 2250580                    /usr/lib/ld-2.17.so
7f3281380000-7f3281382000 r--s 00005000 08:01 5748814                    /home/xinuc/trashcan/blsunspot/sunspot/sunspot_solr/solr/lib/ext/slf4j-api-1.6.6.jar
7f3281382000-7f3281384000 r--s 00003000 08:01 5748811                    /home/xinuc/trashcan/blsunspot/sunspot/sunspot_solr/solr/lib/ext/jcl-over-slf4j-1.6.6.jar
7f3281384000-7f3281386000 r--s 00005000 08:01 5753447                    /home/xinuc/trashcan/blsunspot/sunspot/sunspot_solr/solr/solr-webapp/webapp/WEB-INF/lib/httpmime-4.2.3.jar
7f3281386000-7f3281388000 r--s 0000d000 08:01 5748817                    /home/xinuc/trashcan/blsunspot/sunspot/sunspot_solr/solr/lib/jetty-deploy-8.1.10.v20130312.jar
7f3281388000-7f3281392000 rw-p 00000000 00:00 0 
7f3281392000-7f3281448000 rw-p 00000000 00:00 0 
7f3281448000-7f328144b000 ---p 00000000 00:00 0 
7f328144b000-7f328154d000 rw-p 00000000 00:00 0                          [stack:19272]
7f328154d000-7f328154e000 r--s 00001000 08:01 5748812                    /home/xinuc/trashcan/blsunspot/sunspot/sunspot_solr/solr/lib/ext/jul-to-slf4j-1.6.6.jar
7f328154e000-7f3281550000 r--s 00019000 08:01 5748825                    /home/xinuc/trashcan/blsunspot/sunspot/sunspot_solr/solr/lib/jetty-webapp-8.1.10.v20130312.jar
7f3281550000-7f3281552000 r--s 00017000 08:01 5748823                    /home/xinuc/trashcan/blsunspot/sunspot/sunspot_solr/solr/lib/jetty-servlet-8.1.10.v20130312.jar
7f3281552000-7f3281554000 r--s 00014000 08:01 5748821                    /home/xinuc/trashcan/blsunspot/sunspot/sunspot_solr/solr/lib/jetty-security-8.1.10.v20130312.jar
7f3281554000-7f3281558000 r--s 00088000 08:01 1048598                    /opt/java/jre/lib/jsse.jar
7f3281558000-7f328155d000 r--s 00050000 08:01 5748822                    /home/xinuc/trashcan/blsunspot/sunspot/sunspot_solr/solr/lib/jetty-server-8.1.10.v20130312.jar
7f328155d000-7f328155f000 r--s 00004000 08:01 5748816                    /home/xinuc/trashcan/blsunspot/sunspot/sunspot_solr/solr/lib/jetty-continuation-8.1.10.v20130312.jar
7f328155f000-7f3281561000 r--s 00016000 08:01 5748818                    /home/xinuc/trashcan/blsunspot/sunspot/sunspot_solr/solr/lib/jetty-http-8.1.10.v20130312.jar
7f3281561000-7f3281564000 r--s 0002e000 08:01 5748827                    /home/xinuc/trashcan/blsunspot/sunspot/sunspot_solr/solr/lib/servlet-api-3.0.jar
7f3281564000-7f3281565000 r--s 00009000 08:01 5748826                    /home/xinuc/trashcan/blsunspot/sunspot/sunspot_solr/solr/lib/jetty-xml-8.1.10.v20130312.jar
7f3281565000-7f328156a000 r--s 00041000 08:01 5748824                    /home/xinuc/trashcan/blsunspot/sunspot/sunspot_solr/solr/lib/jetty-util-8.1.10.v20130312.jar
7f328156a000-7f3281573000 r--s 00254000 08:01 1048622                    /opt/java/jre/lib/resources.jar
7f3281573000-7f3281575000 r--s 0000a000 08:01 5748937                    /home/xinuc/trashcan/blsunspot/sunspot/sunspot_solr/solr/start.jar
7f3281575000-7f328157d000 rw-s 00000000 00:1f 332247                     /tmp/hsperfdata_xinuc/19232
7f328157d000-7f328157e000 rw-p 00000000 00:00 0 
7f328157e000-7f328157f000 r--p 00000000 00:00 0 
7f328157f000-7f3281580000 rw-p 00000000 00:00 0 
7f3281580000-7f3281581000 r--p 00021000 08:01 2250580                    /usr/lib/ld-2.17.so
7f3281581000-7f3281582000 rw-p 00022000 08:01 2250580                    /usr/lib/ld-2.17.so
7f3281582000-7f3281583000 rw-p 00000000 00:00 0 
7fffaa04d000-7fffaa06e000 rw-p 00000000 00:00 0                          [stack]
7fffaa11d000-7fffaa11f000 r-xp 00000000 00:00 0                          [vdso]
ffffffffff600000-ffffffffff601000 r-xp 00000000 00:00 0                  [vsyscall]

VM Arguments:
jvm_args: -Djetty.port=8989 -Dsolr.data.dir=/media/data/PROJECTNOW/current/newbukalapak/bukalapak/solr/data/development -Dsolr.solr.home=/media/data/PROJECTNOW/current/newbukalapak/bukalapak/solr -Djava.util.logging.config.file=/tmp/logging.properties20130816-19232-17qsgqc 
java_command: start.jar
Launcher Type: SUN_STANDARD

Environment Variables:
JAVA_HOME=/opt/java
PATH=/home/xinuc/.rvm/gems/ruby-1.9.3-p0@bukalapak/bin:/home/xinuc/.rvm/gems/ruby-1.9.3-p0@global/bin:/home/xinuc/.rvm/rubies/ruby-1.9.3-p0/bin:/home/xinuc/.rvm/bin:/usr/local/heroku/bin:/home/xinuc/bin:/usr/local/bin:/usr/bin:/bin:/usr/local/sbin:/usr/sbin:/sbin:/opt/java/bin:/opt/java/db/bin:/opt/java/jre/bin:/usr/bin/vendor_perl:/usr/bin/core_perl:/usr/games:/opt/go/bin:/home/xinuc/.cljr/bin:node_modules/.bin:/home/xinuc/.cabal/bin
SHELL=/bin/zsh
DISPLAY=:0

Signal Handlers:
SIGSEGV: [libjvm.so+0x84be70], sa_mask[0]=0x7ffbfeff, sa_flags=0x10000004
SIGBUS: [libjvm.so+0x84be70], sa_mask[0]=0x7ffbfeff, sa_flags=0x10000004
SIGFPE: [libjvm.so+0x6f3820], sa_mask[0]=0x7ffbfeff, sa_flags=0x10000004
SIGPIPE: [libjvm.so+0x6f3820], sa_mask[0]=0x7ffbfeff, sa_flags=0x10000004
SIGXFSZ: [libjvm.so+0x6f3820], sa_mask[0]=0x7ffbfeff, sa_flags=0x10000004
SIGILL: [libjvm.so+0x6f3820], sa_mask[0]=0x7ffbfeff, sa_flags=0x10000004
SIGUSR1: SIG_DFL, sa_mask[0]=0x00000000, sa_flags=0x00000000
SIGUSR2: [libjvm.so+0x6f3190], sa_mask[0]=0x00000000, sa_flags=0x10000004
SIGHUP: [libjvm.so+0x6f5650], sa_mask[0]=0x7ffbfeff, sa_flags=0x10000004
SIGINT: [libjvm.so+0x6f5650], sa_mask[0]=0x7ffbfeff, sa_flags=0x10000004
SIGTERM: [libjvm.so+0x6f5650], sa_mask[0]=0x7ffbfeff, sa_flags=0x10000004
SIGQUIT: [libjvm.so+0x6f5650], sa_mask[0]=0x7ffbfeff, sa_flags=0x10000004


---------------  S Y S T E M  ---------------

OS:Linux
uname:Linux 3.9.9-1-ARCH #1 SMP PREEMPT Wed Jul 3 22:45:16 CEST 2013 x86_64
libc:glibc 2.17 NPTL 2.17 
rlimit: STACK 8192k, CORE 0k, NPROC 46130, NOFILE 4096, AS infinity
load average:1.23 0.95 0.75

/proc/meminfo:
MemTotal:        5910040 kB
MemFree:         1326424 kB
Buffers:          198456 kB
Cached:          1463232 kB
SwapCached:            0 kB
Active:          3306536 kB
Inactive:        1028364 kB
Active(anon):    2679824 kB
Inactive(anon):    63484 kB
Active(file):     626712 kB
Inactive(file):   964880 kB
Unevictable:          32 kB
Mlocked:              32 kB
SwapTotal:       9869308 kB
SwapFree:        9869308 kB
Dirty:              5404 kB
Writeback:             0 kB
AnonPages:       2667176 kB
Mapped:           230852 kB
Shmem:             69920 kB
Slab:             128916 kB
SReclaimable:     100624 kB
SUnreclaim:        28292 kB
KernelStack:        3912 kB
PageTables:        36284 kB
NFS_Unstable:          0 kB
Bounce:                0 kB
WritebackTmp:          0 kB
CommitLimit:    12824328 kB
Committed_AS:    6382224 kB
VmallocTotal:   34359738367 kB
VmallocUsed:      434100 kB
VmallocChunk:   34359288080 kB
HardwareCorrupted:     0 kB
AnonHugePages:    624640 kB
HugePages_Total:       0
HugePages_Free:        0
HugePages_Rsvd:        0
HugePages_Surp:        0
Hugepagesize:       2048 kB
DirectMap4k:       10496 kB
DirectMap2M:     6074368 kB


CPU:total 4 (2 cores per cpu, 2 threads per core) family 6 model 37 stepping 5, cmov, cx8, fxsr, mmx, sse, sse2, sse3, ssse3, sse4.1, sse4.2, popcnt, ht

/proc/cpuinfo:
processor	: 0
vendor_id	: GenuineIntel
cpu family	: 6
model		: 37
model name	: Intel(R) Core(TM) i5 CPU       M 480  @ 2.67GHz
stepping	: 5
microcode	: 0x2
cpu MHz		: 1866.000
cache size	: 3072 KB
physical id	: 0
siblings	: 4
core id		: 0
cpu cores	: 2
apicid		: 0
initial apicid	: 0
fpu		: yes
fpu_exception	: yes
cpuid level	: 11
wp		: yes
flags		: fpu vme de pse tsc msr pae mce cx8 apic sep mtrr pge mca cmov pat pse36 clflush dts acpi mmx fxsr sse sse2 ss ht tm pbe syscall nx rdtscp lm constant_tsc arch_perfmon pebs bts rep_good nopl xtopology nonstop_tsc aperfmperf pni dtes64 monitor ds_cpl vmx est tm2 ssse3 cx16 xtpr pdcm pcid sse4_1 sse4_2 popcnt lahf_lm ida arat dtherm tpr_shadow vnmi flexpriority ept vpid
bogomips	: 5322.17
clflush size	: 64
cache_alignment	: 64
address sizes	: 36 bits physical, 48 bits virtual
power management:

processor	: 1
vendor_id	: GenuineIntel
cpu family	: 6
model		: 37
model name	: Intel(R) Core(TM) i5 CPU       M 480  @ 2.67GHz
stepping	: 5
microcode	: 0x2
cpu MHz		: 2667.000
cache size	: 3072 KB
physical id	: 0
siblings	: 4
core id		: 0
cpu cores	: 2
apicid		: 1
initial apicid	: 1
fpu		: yes
fpu_exception	: yes
cpuid level	: 11
wp		: yes
flags		: fpu vme de pse tsc msr pae mce cx8 apic sep mtrr pge mca cmov pat pse36 clflush dts acpi mmx fxsr sse sse2 ss ht tm pbe syscall nx rdtscp lm constant_tsc arch_perfmon pebs bts rep_good nopl xtopology nonstop_tsc aperfmperf pni dtes64 monitor ds_cpl vmx est tm2 ssse3 cx16 xtpr pdcm pcid sse4_1 sse4_2 popcnt lahf_lm ida arat dtherm tpr_shadow vnmi flexpriority ept vpid
bogomips	: 5322.17
clflush size	: 64
cache_alignment	: 64
address sizes	: 36 bits physical, 48 bits virtual
power management:

processor	: 2
vendor_id	: GenuineIntel
cpu family	: 6
model		: 37
model name	: Intel(R) Core(TM) i5 CPU       M 480  @ 2.67GHz
stepping	: 5
microcode	: 0x2
cpu MHz		: 2667.000
cache size	: 3072 KB
physical id	: 0
siblings	: 4
core id		: 2
cpu cores	: 2
apicid		: 4
initial apicid	: 4
fpu		: yes
fpu_exception	: yes
cpuid level	: 11
wp		: yes
flags		: fpu vme de pse tsc msr pae mce cx8 apic sep mtrr pge mca cmov pat pse36 clflush dts acpi mmx fxsr sse sse2 ss ht tm pbe syscall nx rdtscp lm constant_tsc arch_perfmon pebs bts rep_good nopl xtopology nonstop_tsc aperfmperf pni dtes64 monitor ds_cpl vmx est tm2 ssse3 cx16 xtpr pdcm pcid sse4_1 sse4_2 popcnt lahf_lm ida arat dtherm tpr_shadow vnmi flexpriority ept vpid
bogomips	: 5322.17
clflush size	: 64
cache_alignment	: 64
address sizes	: 36 bits physical, 48 bits virtual
power management:

processor	: 3
vendor_id	: GenuineIntel
cpu family	: 6
model		: 37
model name	: Intel(R) Core(TM) i5 CPU       M 480  @ 2.67GHz
stepping	: 5
microcode	: 0x2
cpu MHz		: 2667.000
cache size	: 3072 KB
physical id	: 0
siblings	: 4
core id		: 2
cpu cores	: 2
apicid		: 5
initial apicid	: 5
fpu		: yes
fpu_exception	: yes
cpuid level	: 11
wp		: yes
flags		: fpu vme de pse tsc msr pae mce cx8 apic sep mtrr pge mca cmov pat pse36 clflush dts acpi mmx fxsr sse sse2 ss ht tm pbe syscall nx rdtscp lm constant_tsc arch_perfmon pebs bts rep_good nopl xtopology nonstop_tsc aperfmperf pni dtes64 monitor ds_cpl vmx est tm2 ssse3 cx16 xtpr pdcm pcid sse4_1 sse4_2 popcnt lahf_lm ida arat dtherm tpr_shadow vnmi flexpriority ept vpid
bogomips	: 5322.17
clflush size	: 64
cache_alignment	: 64
address sizes	: 36 bits physical, 48 bits virtual
power management:



Memory: 4k page, physical 5910040k(1326424k free), swap 9869308k(9869308k free)

vm_info: Java HotSpot(TM) 64-Bit Server VM (21.0-b17) for linux-amd64 JRE (1.7.0-b147), built on Jun 27 2011 01:30:59 by "java_re" with gcc 4.3.0 20080428 (Red Hat 4.3.0-8)

time: Fri Aug 16 16:38:41 2013
elapsed time: 292 seconds

